<?xml version="1.0" encoding="utf-8"?><testsuites name="pytest tests"><testsuite name="pytest" errors="0" failures="0" skipped="0" tests="13" time="493.830" timestamp="2026-09-20T09:16:13.139075+03:00" hostname="KeremTüzün"><testcase classname="tests.unity_live.test_i2_unity" name="test_primitive[reach waypoint-benchmarks0]" time="70.576" /><testcase classname="tests.unity_live.test_i2_unity" name="test_primitive[avoid obstacle-benchmarks1]" time="41.760" /><testcase classname="tests.unity_live.test_i2_unity" name="test_primitive[follow pipeline-benchmarks2]" time="47.088" /><testcase classname="tests.unity_live.test_i2_unity" name="test_primitive[station keep-benchmarks3]" time="38.284" /><testcase classname="tests.unity_live.test_i2_unity" name="test_nav_001_to_006" time="37.826" /><testcase classname="tests.unity_live.test_i2_unity" name="test_uses_estimated_state" time="25.552" /><testcase classname="tests.unity_live.test_i2_unity" name="test_bundle_replays_deterministically[NAV-003]" time="40.516" /><testcase classname="tests.unity_live.test_i2_unity" name="test_bundle_replays_deterministically[NAV-006]" time="36.136" /><testcase classname="tests.unity_live.test_i2_unity" name="test_fault_reaches_defined_safe_state[LOSS_OF_LOCALIZATION]" time="32.176" /><testcase classname="tests.unity_live.test_i2_unity" name="test_fault_reaches_defined_safe_state[THRUSTER_FAULT]" time="32.691" /><testcase classname="tests.unity_live.test_i2_unity" name="test_fault_reaches_defined_safe_state[STALE_STATE]" time="27.850" /><testcase classname="tests.unity_live.test_i2_unity" name="test_fault_reaches_defined_safe_state[LOW_BATTERY]" time="28.012" /><testcase classname="tests.unity_live.test_i2_unity" name="test_fault_reaches_defined_safe_state[LEAK]" time="29.702" /></testsuite></testsuites>