============================= test session starts =============================
platform win32 -- Python 3.11.15, pytest-8.4.2, pluggy-1.6.0 -- C:\Users\Kerem\Kerem\conrad-v2\.venv\Scripts\python.exe
hypothesis profile 'default'
rootdir: C:\Users\Kerem\Kerem\conrad-v2
configfile: pyproject.toml
plugins: anyio-4.15.1, hypothesis-6.168.0, cov-6.3.0
collecting ... collected 13 items

tests/unity_live/test_i2_unity.py::test_primitive[reach waypoint-benchmarks0] PASSED [  7%]
tests/unity_live/test_i2_unity.py::test_primitive[avoid obstacle-benchmarks1] PASSED [ 15%]
tests/unity_live/test_i2_unity.py::test_primitive[follow pipeline-benchmarks2] PASSED [ 23%]
tests/unity_live/test_i2_unity.py::test_primitive[station keep-benchmarks3] PASSED [ 30%]
tests/unity_live/test_i2_unity.py::test_nav_001_to_006 PASSED            [ 38%]
tests/unity_live/test_i2_unity.py::test_uses_estimated_state PASSED      [ 46%]
tests/unity_live/test_i2_unity.py::test_bundle_replays_deterministically[NAV-003] PASSED [ 53%]
tests/unity_live/test_i2_unity.py::test_bundle_replays_deterministically[NAV-006] PASSED [ 61%]
tests/unity_live/test_i2_unity.py::test_fault_reaches_defined_safe_state[LOSS_OF_LOCALIZATION] PASSED [ 69%]
tests/unity_live/test_i2_unity.py::test_fault_reaches_defined_safe_state[THRUSTER_FAULT] PASSED [ 76%]
tests/unity_live/test_i2_unity.py::test_fault_reaches_defined_safe_state[STALE_STATE] PASSED [ 84%]
tests/unity_live/test_i2_unity.py::test_fault_reaches_defined_safe_state[LOW_BATTERY] PASSED [ 92%]
tests/unity_live/test_i2_unity.py::test_fault_reaches_defined_safe_state[LEAK] PASSED [100%]

=================================== PASSES ====================================
- generated xml file: C:\Users\Kerem\Kerem\conrad-v2\artifacts\gates\I2\unity_pytest.xml -
=========================== short test summary info ===========================
PASSED tests/unity_live/test_i2_unity.py::test_primitive[reach waypoint-benchmarks0]
PASSED tests/unity_live/test_i2_unity.py::test_primitive[avoid obstacle-benchmarks1]
PASSED tests/unity_live/test_i2_unity.py::test_primitive[follow pipeline-benchmarks2]
PASSED tests/unity_live/test_i2_unity.py::test_primitive[station keep-benchmarks3]
PASSED tests/unity_live/test_i2_unity.py::test_nav_001_to_006
PASSED tests/unity_live/test_i2_unity.py::test_uses_estimated_state
PASSED tests/unity_live/test_i2_unity.py::test_bundle_replays_deterministically[NAV-003]
PASSED tests/unity_live/test_i2_unity.py::test_bundle_replays_deterministically[NAV-006]
PASSED tests/unity_live/test_i2_unity.py::test_fault_reaches_defined_safe_state[LOSS_OF_LOCALIZATION]
PASSED tests/unity_live/test_i2_unity.py::test_fault_reaches_defined_safe_state[THRUSTER_FAULT]
PASSED tests/unity_live/test_i2_unity.py::test_fault_reaches_defined_safe_state[STALE_STATE]
PASSED tests/unity_live/test_i2_unity.py::test_fault_reaches_defined_safe_state[LOW_BATTERY]
PASSED tests/unity_live/test_i2_unity.py::test_fault_reaches_defined_safe_state[LEAK]
======================= 13 passed in 493.83s (0:08:13) ========================
