<?xml version="1.0" encoding="utf-8"?><testsuites name="pytest tests"><testsuite name="pytest" errors="0" failures="0" skipped="0" tests="6" time="727.807" timestamp="2026-09-20T22:06:48.585318+03:00" hostname="KeremTüzün"><testcase classname="tests.unity_live.test_i6_unity" name="test_one_mission_produces_2s_2t_2e_beliefs" time="635.180" /><testcase classname="tests.unity_live.test_i6_unity" name="test_model1_reasons_across_all_three_via_the_belief_bus" time="0.019" /><testcase classname="tests.unity_live.test_i6_unity" name="test_children_remain_authoritative_within_domains" time="0.015" /><testcase classname="tests.unity_live.test_i6_unity" name="test_twin2e_reaches_the_unity_camera" time="0.019" /><testcase classname="tests.unity_live.test_i6_unity" name="test_no_twin_truth_leakage_on_runtime_side" time="3.941" /><testcase classname="tests.unity_live.test_i6_unity" name="test_bundle_replays_deterministically" time="81.887" /></testsuite></testsuites>