============================= test session starts =============================
platform win32 -- Python 3.11.15, pytest-8.4.2, pluggy-1.6.0 -- C:\Users\Kerem\Kerem\conrad-v2\.venv\Scripts\python.exe
hypothesis profile 'default'
rootdir: C:\Users\Kerem\Kerem\conrad-v2
configfile: pyproject.toml
plugins: anyio-4.15.1, hypothesis-6.168.0, cov-6.3.0
collecting ... collected 5 items

tests/unity_live/test_i3_unity.py::test_twin2t_twin2s_unity_to_model2s_and_model2t PASSED [ 20%]
tests/unity_live/test_i3_unity.py::test_robot_sees_only_partial_infrastructure PASSED [ 40%]
tests/unity_live/test_i3_unity.py::test_persistent_technical_belief PASSED [ 60%]
tests/unity_live/test_i3_unity.py::test_no_twin_truth_leakage_on_runtime_side PASSED [ 80%]
tests/unity_live/test_i3_unity.py::test_bundle_replays_deterministically PASSED [100%]

=================================== PASSES ====================================
- generated xml file: C:\Users\Kerem\Kerem\conrad-v2\artifacts\gates\I3\unity_pytest.xml -
=========================== short test summary info ===========================
PASSED tests/unity_live/test_i3_unity.py::test_twin2t_twin2s_unity_to_model2s_and_model2t
PASSED tests/unity_live/test_i3_unity.py::test_robot_sees_only_partial_infrastructure
PASSED tests/unity_live/test_i3_unity.py::test_persistent_technical_belief
PASSED tests/unity_live/test_i3_unity.py::test_no_twin_truth_leakage_on_runtime_side
PASSED tests/unity_live/test_i3_unity.py::test_bundle_replays_deterministically
============================= 5 passed in 37.92s ==============================
