<?xml version="1.0" encoding="utf-8"?><testsuites name="pytest tests"><testsuite name="pytest" errors="0" failures="0" skipped="0" tests="5" time="92.329" timestamp="2026-09-20T14:03:17.091626+03:00" hostname="KeremTüzün"><testcase classname="tests.unity_live.test_i3_unity" name="test_twin2t_twin2s_unity_to_model2s_and_model2t" time="47.491" /><testcase classname="tests.unity_live.test_i3_unity" name="test_robot_sees_only_partial_infrastructure" time="0.035" /><testcase classname="tests.unity_live.test_i3_unity" name="test_persistent_technical_belief" time="0.132" /><testcase classname="tests.unity_live.test_i3_unity" name="test_no_twin_truth_leakage_on_runtime_side" time="0.304" /><testcase classname="tests.unity_live.test_i3_unity" name="test_bundle_replays_deterministically" time="29.848" /></testsuite></testsuites>