<?xml version="1.0" encoding="utf-8"?><testsuites name="pytest tests"><testsuite name="pytest" errors="0" failures="0" skipped="0" tests="10" time="61.429" timestamp="2026-09-20T09:15:07.675673+03:00" hostname="KeremTüzün"><testcase classname="tests.unity_live.test_i1_unity" name="test_robot_moves_through_synthetic_world" time="29.531" /><testcase classname="tests.unity_live.test_i1_unity" name="test_persistent_map" time="0.052" /><testcase classname="tests.unity_live.test_i1_unity" name="test_geometry_occupied_claims_lie_on_twin2s_surfaces" time="0.021" /><testcase classname="tests.unity_live.test_i1_unity" name="test_occupancy_free_claims_agree_with_truth" time="0.018" /><testcase classname="tests.unity_live.test_i1_unity" name="test_coverage" time="0.019" /><testcase classname="tests.unity_live.test_i1_unity" name="test_observed_inferred_unknown_and_hidden_is_unknown" time="0.018" /><testcase classname="tests.unity_live.test_i1_unity" name="test_uncertainty_is_decomposed_and_responds" time="0.020" /><testcase classname="tests.unity_live.test_i1_unity" name="test_provenance_to_raw_unity_frames" time="0.321" /><testcase classname="tests.unity_live.test_i1_unity" name="test_no_twin_truth_leakage_on_runtime_side" time="0.269" /><testcase classname="tests.unity_live.test_i1_unity" name="test_bundle_replays_deterministically" time="25.293" /></testsuite></testsuites>